<?xml version="1.0" encoding="UTF-8"?>
<!-- Generated by org.testng.reporters.JUnitReportReporter -->
<testsuite hostname="AGRNT-WS-003" failures="0" tests="2" name="MavenjavaProject.Mavenjava.SeleniumTest" time="0.008" errors="0" timestamp="2022-08-24T17:00:41 IST" skipped="0">
  <testcase classname="MavenjavaProject.Mavenjava.SeleniumTest" name="BrowserAutomation" time="0.007"/>
  <system-out/>
  <testcase classname="MavenjavaProject.Mavenjava.SeleniumTest" name="elementUi" time="0.001"/>
  <system-out/>
</testsuite> <!-- MavenjavaProject.Mavenjava.SeleniumTest -->
