<?xml version="1.0" encoding="UTF-8"?>
<!-- Generated by org.testng.reporters.JUnitReportReporter -->
<testsuite hostname="AGRNT-WS-003" failures="0" tests="2" name="MavenjavaProject.Mavenjava.SeleniumTest" time="0.009" errors="0" timestamp="24 Aug 2022 10:45:40 GMT">
  <testcase classname="MavenjavaProject.Mavenjava.SeleniumTest" name="BrowserAutomation" time="0.008"/>
  <testcase classname="MavenjavaProject.Mavenjava.SeleniumTest" name="elementUi" time="0.001"/>
</testsuite> <!-- MavenjavaProject.Mavenjava.SeleniumTest -->
